
> frontend@0.1.0 dev
> next dev --port 3000

▲ Next.js 16.1.6 (Turbopack)
- Local:         http://localhost:3000
- Network:       http://192.168.2.180:3000

✓ Starting...
✓ Ready in 560ms
 GET /intercepts 200 in 429ms (compile: 223ms, render: 206ms)
 GET /guest/77a48080-9e3f-4345-999a-ac7c2d4d5dc3 200 in 541ms (compile: 513ms, render: 28ms)
✓ Compiled in 30ms
 GET /guest/77a48080-9e3f-4345-999a-ac7c2d4d5dc3 200 in 113ms (compile: 37ms, render: 77ms)
 GET /guest/77a48080-9e3f-4345-999a-ac7c2d4d5dc3 200 in 97ms (compile: 3ms, render: 94ms)
 GET /guest/77a48080-9e3f-4345-999a-ac7c2d4d5dc3 200 in 92ms (compile: 20ms, render: 72ms)
 GET /guest/77a48080-9e3f-4345-999a-ac7c2d4d5dc3 200 in 81ms (compile: 2ms, render: 78ms)
 GET /guest/77a48080-9e3f-4345-999a-ac7c2d4d5dc3 200 in 75ms (compile: 2ms, render: 73ms)
 GET /guest/77a48080-9e3f-4345-999a-ac7c2d4d5dc3 200 in 80ms (compile: 3ms, render: 78ms)
 GET /guest/77a48080-9e3f-4345-999a-ac7c2d4d5dc3 200 in 75ms (compile: 2ms, render: 72ms)
 GET /guest/77a48080-9e3f-4345-999a-ac7c2d4d5dc3 200 in 84ms (compile: 3ms, render: 81ms)
 GET /guest/77a48080-9e3f-4345-999a-ac7c2d4d5dc3 200 in 86ms (compile: 2ms, render: 84ms)
 GET /guest/77a48080-9e3f-4345-999a-ac7c2d4d5dc3 200 in 96ms (compile: 3ms, render: 94ms)
 GET /guest/77a48080-9e3f-4345-999a-ac7c2d4d5dc3 200 in 114ms (compile: 3ms, render: 110ms)
 GET /guest/77a48080-9e3f-4345-999a-ac7c2d4d5dc3 200 in 110ms (compile: 3ms, render: 107ms)
 GET /guest/77a48080-9e3f-4345-999a-ac7c2d4d5dc3 200 in 104ms (compile: 3ms, render: 101ms)
 GET /guest/77a48080-9e3f-4345-999a-ac7c2d4d5dc3 200 in 86ms (compile: 2ms, render: 83ms)
 GET /guest/77a48080-9e3f-4345-999a-ac7c2d4d5dc3 200 in 58ms (compile: 2ms, render: 56ms)
 GET /guest/77a48080-9e3f-4345-999a-ac7c2d4d5dc3 200 in 78ms (compile: 3ms, render: 75ms)
 GET /guest/77a48080-9e3f-4345-999a-ac7c2d4d5dc3 200 in 73ms (compile: 3ms, render: 70ms)
 GET /guest/77a48080-9e3f-4345-999a-ac7c2d4d5dc3 200 in 75ms (compile: 2ms, render: 73ms)
 GET /guest/77a48080-9e3f-4345-999a-ac7c2d4d5dc3 200 in 51ms (compile: 2ms, render: 49ms)
 GET /guest/77a48080-9e3f-4345-999a-ac7c2d4d5dc3 200 in 29ms (compile: 5ms, render: 24ms)
 GET /guest/77a48080-9e3f-4345-999a-ac7c2d4d5dc3 200 in 243ms (compile: 67ms, render: 176ms)
 GET /guest/77a48080-9e3f-4345-999a-ac7c2d4d5dc3 200 in 41ms (compile: 3ms, render: 38ms)
✓ Compiled in 13ms
