2026-03-15 22:14:42,524 [PID 17903] DEBUG Using selector: KqueueSelector
2026-03-15 22:14:42,524 [PID 17903] INFO Reading Pyre server configurations...
2026-03-15 22:14:42,529 [PID 17903] ERROR Uncaught error in persistent.run
Traceback (most recent call last):
  File "/Users/Ed/Apps/SavorIQ/backend/venv/lib/python3.9/site-packages/pyre_check/client/commands/persistent.py", line 299, in run
    return asyncio.get_event_loop().run_until_complete(
  File "/Library/Developer/CommandLineTools/Library/Frameworks/Python3.framework/Versions/3.9/lib/python3.9/asyncio/base_events.py", line 642, in run_until_complete
    return future.result()
  File "/Users/Ed/Apps/SavorIQ/backend/venv/lib/python3.9/site-packages/pyre_check/client/commands/persistent.py", line 224, in run_persistent
    initial_server_options = pyre_server_options.read_server_options(
  File "/Users/Ed/Apps/SavorIQ/backend/venv/lib/python3.9/site-packages/pyre_check/client/commands/pyre_server_options.py", line 129, in read_server_options
    return server_options_reader()
  File "/Users/Ed/Apps/SavorIQ/backend/venv/lib/python3.9/site-packages/pyre_check/client/commands/pyre_server_options.py", line 114, in read
    return PyreServerOptions.create(
  File "/Users/Ed/Apps/SavorIQ/backend/venv/lib/python3.9/site-packages/pyre_check/client/commands/pyre_server_options.py", line 93, in create
    start_arguments = start.create_server_arguments(
  File "/Users/Ed/Apps/SavorIQ/backend/venv/lib/python3.9/site-packages/pyre_check/client/commands/start.py", line 311, in create_server_arguments
    source_paths = backend_arguments.get_source_path_for_server(
  File "/Users/Ed/Apps/SavorIQ/backend/venv/lib/python3.9/site-packages/pyre_check/client/backend_arguments.py", line 418, in get_source_path_for_server
    return get_source_path(
  File "/Users/Ed/Apps/SavorIQ/backend/venv/lib/python3.9/site-packages/pyre_check/client/backend_arguments.py", line 397, in get_source_path
    raise configuration_module.InvalidConfiguration(
pyre_check.client.configuration.exceptions.InvalidConfiguration: Invalid configuration: Cannot find any source files to analyze. Either `source_directories` or `targets` must be specified.
2026-03-15 22:14:43,378 [PID 17951] DEBUG Using selector: KqueueSelector
2026-03-15 22:14:43,378 [PID 17951] INFO Reading Pyre server configurations...
2026-03-15 22:14:43,385 [PID 17951] ERROR Uncaught error in persistent.run
Traceback (most recent call last):
  File "/Users/Ed/Apps/SavorIQ/backend/venv/lib/python3.9/site-packages/pyre_check/client/commands/persistent.py", line 299, in run
    return asyncio.get_event_loop().run_until_complete(
  File "/Library/Developer/CommandLineTools/Library/Frameworks/Python3.framework/Versions/3.9/lib/python3.9/asyncio/base_events.py", line 642, in run_until_complete
    return future.result()
  File "/Users/Ed/Apps/SavorIQ/backend/venv/lib/python3.9/site-packages/pyre_check/client/commands/persistent.py", line 224, in run_persistent
    initial_server_options = pyre_server_options.read_server_options(
  File "/Users/Ed/Apps/SavorIQ/backend/venv/lib/python3.9/site-packages/pyre_check/client/commands/pyre_server_options.py", line 129, in read_server_options
    return server_options_reader()
  File "/Users/Ed/Apps/SavorIQ/backend/venv/lib/python3.9/site-packages/pyre_check/client/commands/pyre_server_options.py", line 114, in read
    return PyreServerOptions.create(
  File "/Users/Ed/Apps/SavorIQ/backend/venv/lib/python3.9/site-packages/pyre_check/client/commands/pyre_server_options.py", line 93, in create
    start_arguments = start.create_server_arguments(
  File "/Users/Ed/Apps/SavorIQ/backend/venv/lib/python3.9/site-packages/pyre_check/client/commands/start.py", line 311, in create_server_arguments
    source_paths = backend_arguments.get_source_path_for_server(
  File "/Users/Ed/Apps/SavorIQ/backend/venv/lib/python3.9/site-packages/pyre_check/client/backend_arguments.py", line 418, in get_source_path_for_server
    return get_source_path(
  File "/Users/Ed/Apps/SavorIQ/backend/venv/lib/python3.9/site-packages/pyre_check/client/backend_arguments.py", line 397, in get_source_path
    raise configuration_module.InvalidConfiguration(
pyre_check.client.configuration.exceptions.InvalidConfiguration: Invalid configuration: Cannot find any source files to analyze. Either `source_directories` or `targets` must be specified.
2026-03-15 22:14:44,210 [PID 17955] DEBUG Using selector: KqueueSelector
2026-03-15 22:14:44,210 [PID 17955] INFO Reading Pyre server configurations...
2026-03-15 22:14:44,215 [PID 17955] ERROR Uncaught error in persistent.run
Traceback (most recent call last):
  File "/Users/Ed/Apps/SavorIQ/backend/venv/lib/python3.9/site-packages/pyre_check/client/commands/persistent.py", line 299, in run
    return asyncio.get_event_loop().run_until_complete(
  File "/Library/Developer/CommandLineTools/Library/Frameworks/Python3.framework/Versions/3.9/lib/python3.9/asyncio/base_events.py", line 642, in run_until_complete
    return future.result()
  File "/Users/Ed/Apps/SavorIQ/backend/venv/lib/python3.9/site-packages/pyre_check/client/commands/persistent.py", line 224, in run_persistent
    initial_server_options = pyre_server_options.read_server_options(
  File "/Users/Ed/Apps/SavorIQ/backend/venv/lib/python3.9/site-packages/pyre_check/client/commands/pyre_server_options.py", line 129, in read_server_options
    return server_options_reader()
  File "/Users/Ed/Apps/SavorIQ/backend/venv/lib/python3.9/site-packages/pyre_check/client/commands/pyre_server_options.py", line 114, in read
    return PyreServerOptions.create(
  File "/Users/Ed/Apps/SavorIQ/backend/venv/lib/python3.9/site-packages/pyre_check/client/commands/pyre_server_options.py", line 93, in create
    start_arguments = start.create_server_arguments(
  File "/Users/Ed/Apps/SavorIQ/backend/venv/lib/python3.9/site-packages/pyre_check/client/commands/start.py", line 311, in create_server_arguments
    source_paths = backend_arguments.get_source_path_for_server(
  File "/Users/Ed/Apps/SavorIQ/backend/venv/lib/python3.9/site-packages/pyre_check/client/backend_arguments.py", line 418, in get_source_path_for_server
    return get_source_path(
  File "/Users/Ed/Apps/SavorIQ/backend/venv/lib/python3.9/site-packages/pyre_check/client/backend_arguments.py", line 397, in get_source_path
    raise configuration_module.InvalidConfiguration(
pyre_check.client.configuration.exceptions.InvalidConfiguration: Invalid configuration: Cannot find any source files to analyze. Either `source_directories` or `targets` must be specified.
2026-03-15 22:14:45,023 [PID 17957] DEBUG Using selector: KqueueSelector
2026-03-15 22:14:45,023 [PID 17957] INFO Reading Pyre server configurations...
2026-03-15 22:14:45,028 [PID 17957] ERROR Uncaught error in persistent.run
Traceback (most recent call last):
  File "/Users/Ed/Apps/SavorIQ/backend/venv/lib/python3.9/site-packages/pyre_check/client/commands/persistent.py", line 299, in run
    return asyncio.get_event_loop().run_until_complete(
  File "/Library/Developer/CommandLineTools/Library/Frameworks/Python3.framework/Versions/3.9/lib/python3.9/asyncio/base_events.py", line 642, in run_until_complete
    return future.result()
  File "/Users/Ed/Apps/SavorIQ/backend/venv/lib/python3.9/site-packages/pyre_check/client/commands/persistent.py", line 224, in run_persistent
    initial_server_options = pyre_server_options.read_server_options(
  File "/Users/Ed/Apps/SavorIQ/backend/venv/lib/python3.9/site-packages/pyre_check/client/commands/pyre_server_options.py", line 129, in read_server_options
    return server_options_reader()
  File "/Users/Ed/Apps/SavorIQ/backend/venv/lib/python3.9/site-packages/pyre_check/client/commands/pyre_server_options.py", line 114, in read
    return PyreServerOptions.create(
  File "/Users/Ed/Apps/SavorIQ/backend/venv/lib/python3.9/site-packages/pyre_check/client/commands/pyre_server_options.py", line 93, in create
    start_arguments = start.create_server_arguments(
  File "/Users/Ed/Apps/SavorIQ/backend/venv/lib/python3.9/site-packages/pyre_check/client/commands/start.py", line 311, in create_server_arguments
    source_paths = backend_arguments.get_source_path_for_server(
  File "/Users/Ed/Apps/SavorIQ/backend/venv/lib/python3.9/site-packages/pyre_check/client/backend_arguments.py", line 418, in get_source_path_for_server
    return get_source_path(
  File "/Users/Ed/Apps/SavorIQ/backend/venv/lib/python3.9/site-packages/pyre_check/client/backend_arguments.py", line 397, in get_source_path
    raise configuration_module.InvalidConfiguration(
pyre_check.client.configuration.exceptions.InvalidConfiguration: Invalid configuration: Cannot find any source files to analyze. Either `source_directories` or `targets` must be specified.
2026-03-15 22:14:45,865 [PID 17958] DEBUG Using selector: KqueueSelector
2026-03-15 22:14:45,865 [PID 17958] INFO Reading Pyre server configurations...
2026-03-15 22:14:45,871 [PID 17958] ERROR Uncaught error in persistent.run
Traceback (most recent call last):
  File "/Users/Ed/Apps/SavorIQ/backend/venv/lib/python3.9/site-packages/pyre_check/client/commands/persistent.py", line 299, in run
    return asyncio.get_event_loop().run_until_complete(
  File "/Library/Developer/CommandLineTools/Library/Frameworks/Python3.framework/Versions/3.9/lib/python3.9/asyncio/base_events.py", line 642, in run_until_complete
    return future.result()
  File "/Users/Ed/Apps/SavorIQ/backend/venv/lib/python3.9/site-packages/pyre_check/client/commands/persistent.py", line 224, in run_persistent
    initial_server_options = pyre_server_options.read_server_options(
  File "/Users/Ed/Apps/SavorIQ/backend/venv/lib/python3.9/site-packages/pyre_check/client/commands/pyre_server_options.py", line 129, in read_server_options
    return server_options_reader()
  File "/Users/Ed/Apps/SavorIQ/backend/venv/lib/python3.9/site-packages/pyre_check/client/commands/pyre_server_options.py", line 114, in read
    return PyreServerOptions.create(
  File "/Users/Ed/Apps/SavorIQ/backend/venv/lib/python3.9/site-packages/pyre_check/client/commands/pyre_server_options.py", line 93, in create
    start_arguments = start.create_server_arguments(
  File "/Users/Ed/Apps/SavorIQ/backend/venv/lib/python3.9/site-packages/pyre_check/client/commands/start.py", line 311, in create_server_arguments
    source_paths = backend_arguments.get_source_path_for_server(
  File "/Users/Ed/Apps/SavorIQ/backend/venv/lib/python3.9/site-packages/pyre_check/client/backend_arguments.py", line 418, in get_source_path_for_server
    return get_source_path(
  File "/Users/Ed/Apps/SavorIQ/backend/venv/lib/python3.9/site-packages/pyre_check/client/backend_arguments.py", line 397, in get_source_path
    raise configuration_module.InvalidConfiguration(
pyre_check.client.configuration.exceptions.InvalidConfiguration: Invalid configuration: Cannot find any source files to analyze. Either `source_directories` or `targets` must be specified.
